<?xml version="1.0" encoding="UTF-8"?>
<!-- Generated by org.testng.reporters.JUnitReportReporter -->
<testsuite skipped="0" hostname="DESKTOP-MPDOU4D" name="MyTests.HomePage_Test" tests="2" failures="0" timestamp="05 Jun 2020 07:03:20 GMT" time="312.749" errors="0">
  <testcase name="verifyPageTitle" time="88.685" classname="MyTests.HomePage_Test"/>
  <testcase name="verifyHeadertitle" time="224.064" classname="MyTests.HomePage_Test"/>
</testsuite> <!-- MyTests.HomePage_Test -->
