<?xml version="1.0" encoding="UTF-8"?>
<!-- Generated by org.testng.reporters.JUnitReportReporter -->
<testsuite skipped="0" hostname="DESKTOP-MPDOU4D" name="MyTests.HomePage_Test" tests="2" failures="0" timestamp="05 Jun 2020 05:34:46 GMT" time="60.887" errors="0">
  <testcase name="verifyPageTitle" time="10.295" classname="MyTests.HomePage_Test"/>
  <testcase name="verifyHeadertitle" time="50.592" classname="MyTests.HomePage_Test"/>
</testsuite> <!-- MyTests.HomePage_Test -->
